#
# A fatal error has been detected by the Java Runtime Environment:
#
#  Internal Error (javaClasses.cpp:129), pid=2192, tid=8184
#  fatal error: Invalid layout of preloaded class
#
# JRE version: 7.0_25-b17
# Java VM: Java HotSpot(TM) 64-Bit Server VM (23.25-b01 mixed mode windows-amd64 compressed oops)
# Failed to write core dump. Minidumps are not enabled by default on client versions of Windows
#
# If you would like to submit a bug report, please visit:
#   http://bugreport.sun.com/bugreport/crash.jsp
#

---------------  T H R E A D  ---------------

Current thread (0x00000000020ed800):  JavaThread "Unknown thread" [_thread_in_vm, id=8184, stack(0x0000000001f10000,0x0000000002010000)]

Stack: [0x0000000001f10000,0x0000000002010000]

---------------  P R O C E S S  ---------------

Java Threads: ( => current thread )

Other Threads:

=>0x00000000020ed800 (exited) JavaThread "Unknown thread" [_thread_in_vm, id=8184, stack(0x0000000001f10000,0x0000000002010000)]

VM state:not at safepoint (not fully initialized)

VM Mutex/Monitor currently owned by a thread: None

GC Heap History (0 events):
No events

Deoptimization events (0 events):
No events

Internal exceptions (0 events):
No events

Events (10 events):
Event: 0.008 loading class 0x0000000002138020 done
Event: 0.008 loading class 0x0000000002137f00 done
Event: 0.008 loading class 0x0000000002137c00
Event: 0.009 loading class 0x00000000084434d0
Event: 0.009 loading class 0x00000000084434d0 done
Event: 0.009 loading class 0x0000000008443490
Event: 0.009 loading class 0x0000000008443490 done
Event: 0.009 loading class 0x00000000084427b0
Event: 0.009 loading class 0x00000000084427b0 done
Event: 0.009 loading class 0x0000000002137c00 done


Dynamic libraries:
0x00007ff770a60000 - 0x00007ff770a93000 	D:\Program Files\Java\jre7\bin\javaw.exe
0x00007ffd56e30000 - 0x00007ffd56fda000 	C:\Windows\SYSTEM32\ntdll.dll
0x00007ffd569f0000 - 0x00007ffd56b2a000 	C:\Windows\system32\KERNEL32.DLL
0x00007ffd54270000 - 0x00007ffd54380000 	C:\Windows\system32\KERNELBASE.dll
0x00007ffd52dd0000 - 0x00007ffd52e58000 	C:\Windows\system32\apphelp.dll
0x00007ffd40120000 - 0x00007ffd4016f000 	C:\Windows\AppPatch\AppPatch64\AcGenral.DLL
0x00007ffd56660000 - 0x00007ffd56707000 	C:\Windows\system32\msvcrt.dll
0x00007ffd53fe0000 - 0x00007ffd5400b000 	C:\Windows\SYSTEM32\SspiCli.dll
0x00007ffd55f30000 - 0x00007ffd55f81000 	C:\Windows\system32\SHLWAPI.dll
0x00007ffd564e0000 - 0x00007ffd56651000 	C:\Windows\system32\USER32.dll
0x00007ffd567c0000 - 0x00007ffd56938000 	C:\Windows\system32\ole32.dll
0x00007ffd54760000 - 0x00007ffd55b76000 	C:\Windows\system32\SHELL32.dll
0x00007ffd53810000 - 0x00007ffd5382f000 	C:\Windows\SYSTEM32\USERENV.dll
0x00007ffd546b0000 - 0x00007ffd54755000 	C:\Windows\system32\ADVAPI32.dll
0x00007ffd508f0000 - 0x00007ffd5090b000 	C:\Windows\SYSTEM32\MPR.dll
0x00007ffd56b30000 - 0x00007ffd56c66000 	C:\Windows\system32\RPCRT4.dll
0x00007ffd55f90000 - 0x00007ffd55fe7000 	C:\Windows\SYSTEM32\sechost.dll
0x00007ffd55d30000 - 0x00007ffd55f06000 	C:\Windows\SYSTEM32\combase.dll
0x00007ffd56ce0000 - 0x00007ffd56e25000 	C:\Windows\system32\GDI32.dll
0x00007ffd541a0000 - 0x00007ffd541b4000 	C:\Windows\SYSTEM32\profapi.dll
0x00007ffd52800000 - 0x00007ffd5289f000 	C:\Windows\SYSTEM32\SHCORE.dll
0x00007ffd56780000 - 0x00007ffd567b4000 	C:\Windows\system32\IMM32.DLL
0x00007ffd55ff0000 - 0x00007ffd56129000 	C:\Windows\system32\MSCTF.dll
0x00007ffd512f0000 - 0x00007ffd5154a000 	C:\Windows\WinSxS\amd64_microsoft.windows.common-controls_6595b64144ccf1df_6.0.9600.17031_none_6242a4b3ecbb55a1\COMCTL32.dll
0x000000006af60000 - 0x000000006b031000 	D:\Program Files\Java\jre7\bin\msvcr100.dll
0x000000006a850000 - 0x000000006af5f000 	D:\Program Files\Java\jre7\bin\server\jvm.dll
0x00007ffd4a000000 - 0x00007ffd4a009000 	C:\Windows\SYSTEM32\WSOCK32.dll
0x00007ffd50130000 - 0x00007ffd5014f000 	C:\Windows\SYSTEM32\WINMM.dll
0x00007ffd564d0000 - 0x00007ffd564d7000 	C:\Windows\system32\PSAPI.DLL
0x00007ffd56290000 - 0x00007ffd562e8000 	C:\Windows\system32\WS2_32.dll
0x00007ffd50100000 - 0x00007ffd5012a000 	C:\Windows\SYSTEM32\WINMMBASE.dll
0x00007ffd56c70000 - 0x00007ffd56c79000 	C:\Windows\system32\NSI.dll
0x00007ffd54380000 - 0x00007ffd543ca000 	C:\Windows\SYSTEM32\cfgmgr32.dll
0x00007ffd53020000 - 0x00007ffd53046000 	C:\Windows\SYSTEM32\DEVOBJ.dll
0x000000006a840000 - 0x000000006a84f000 	D:\Program Files\Java\jre7\bin\verify.dll
0x000000006a810000 - 0x000000006a838000 	D:\Program Files\Java\jre7\bin\java.dll
0x000000006a7f0000 - 0x000000006a805000 	D:\Program Files\Java\jre7\bin\zip.dll

VM Arguments:
jvm_args: -Dfile.encoding=GBK -Xbootclasspath:F:\android-sdk\platforms\android-17\android.jar 
java_command: com.apkdv.tour.utils.DataUtils
Launcher Type: SUN_STANDARD

Environment Variables:
JAVA_HOME=D:\Program Files\Java\jdk1.7
PATH=JAVA_HOME\bin;JAVA_HOME\jre\bin;C:\Program Files (x86)\Intel\iCLS Client\;C:\Program Files\Intel\iCLS Client\;C:\Windows\system32;C:\Windows;C:\Windows\System32\Wbem;C:\Windows\System32\WindowsPowerShell\v1.0\;C:\Program Files\Intel\Intel(R) Management Engine Components\DAL;C:\Program Files\Intel\Intel(R) Management Engine Components\IPT;C:\Program Files (x86)\Intel\Intel(R) Management Engine Components\DAL;C:\Program Files (x86)\Intel\Intel(R) Management Engine Components\IPT;C:\Program Files (x86)\ATI Technologies\ATI.ACE\Core-Static
USERNAME=LengYue
OS=Windows_NT
PROCESSOR_IDENTIFIER=Intel64 Family 6 Model 60 Stepping 3, GenuineIntel



---------------  S Y S T E M  ---------------

OS: Windows 8 , 64 bit Build 9200 

CPU:total 4 (2 cores per cpu, 2 threads per core) family 6 model 60 stepping 3, cmov, cx8, fxsr, mmx, sse, sse2, sse3, ssse3, sse4.1, sse4.2, popcnt, avx, avx2, ht, tsc, tscinvbit

Memory: 4k page, physical 4129072k(1594796k free), swap 5570864k(2587516k free)

vm_info: Java HotSpot(TM) 64-Bit Server VM (23.25-b01) for windows-amd64 JRE (1.7.0_25-b17), built on Jun 21 2013 12:58:32 by "java_re" with unknown MS VC++:1600

time: Wed May 14 21:22:17 2014
elapsed time: 0 seconds

